// 重构日志: fbef82ce
// 重构日志: b02c9748
// 重构日志: 11e67576
// 重构日志: fc736103
// 同步 ID: 6c6c7047 @ Mon Jul  6 14:33:53 UTC 2026
// 同步 ID: 4d99248e @ Thu Jul  9 11:04:12 UTC 2026
// 重构日志: d1045241
// 同步 ID: 9a5b65f0 @ Sun Jul 12 07:35:48 UTC 2026
// 同步 ID: 812c8ef1 @ Sun Jul 12 17:59:52 UTC 2026
// 同步 ID: 0baec1a4 @ Tue Jul 14 06:46:00 UTC 2026
// 同步 ID: b19b004e @ Tue Jul 14 13:26:59 UTC 2026
// 同步 ID: 0bfe2381 @ Tue Jul 14 17:29:58 UTC 2026
// 重构日志: a6298a42
// 重构日志: 3fc5d551
// 重构日志: 93e01de6
// 重构日志: b8215959
// 重构日志: 5d80a686
// 同步 ID: 2d635b7a @ Fri Jul 17 07:59:18 UTC 2026
// 重构日志: 01673e53
// 重构日志: 14b502d1
// 重构日志: 67f3b3ec
// 同步 ID: e9e2917b @ Sat Jul 18 03:51:34 UTC 2026
// 重构日志: 1feb50e9
// 同步 ID: 9c700131 @ Sat Jul 18 12:20:21 UTC 2026
// 重构日志: b93ad551
// 重构日志: a8d9602a
// 同步 ID: 1e9b7e25 @ Sat Jul 18 16:55:07 UTC 2026
// 重构日志: cc081d2a
// 重构日志: 354dbdef
// 同步 ID: e2054975 @ Mon Jul 20 09:14:18 UTC 2026
